<?xml version="1.0" encoding="UTF-8"?>
<testsuite xmlns:xsi="http://www.w3.org/2001/XMLSchema-instance" xsi:noNamespaceSchemaLocation="https://maven.apache.org/surefire/maven-surefire-plugin/xsd/surefire-test-report-3.0.xsd" version="3.0" name="tn.esprit.spring.BlocServiceMockTest" time="13.797" tests="7" errors="0" skipped="0" failures="0">
  <properties>
[...]
</properties>
  <testcase name="test" classname="tn.esprit.spring.BlocServiceMockTest" time="0.956">
    <system-out><![CDATA[15:12:50.009 [main] INFO org.springframework.test.context.support.AnnotationConfigContextLoaderUtils -- Could not detect default configuration classes for test class [tn.esprit.spring.BlocServiceMockTest]: BlocServiceMockTest does not declare any static, non-private, non-final, nested classes annotated with @Configuration.
15:12:50.167 [main] INFO org.springframework.boot.test.context.SpringBootTestContextBootstrapper -- Found @SpringBootConfiguration tn.esprit.spring.FoyerApplication for test class tn.esprit.spring.BlocServiceMockTest

  .   ____          _            __ _ _
 /\\ / ___'_ __ _ _(_)_ __  __ _ \ \ \ \
( ( )\___ | '_ | '_| | '_ \/ _` | \ \ \ \
 \\/  ___)| |_)| | | | | || (_| |  ) ) ) )
  '  |____| .__|_| |_|_| |_\__, | / / / /
 =========|_|==============|___/=/_/_/_/
 :: Spring Boot ::                (v3.1.5)

2025-07-06T15:12:50.884+01:00  INFO 30584 --- [           main] tn.esprit.spring.BlocServiceMockTest     : Starting BlocServiceMockTest using Java 17.0.3.1 with PID 30584 (started by eyaou in C:\Users\eyaou\Desktop\eyaoualhi_2425\Foyer\Foyer2425-main)
2025-07-06T15:12:50.887+01:00  INFO 30584 --- [           main] tn.esprit.spring.BlocServiceMockTest     : No active profile set, falling back to 1 default profile: "default"
2025-07-06T15:12:52.016+01:00  INFO 30584 --- [           main] .s.d.r.c.RepositoryConfigurationDelegate : Bootstrapping Spring Data JPA repositories in DEFAULT mode.
2025-07-06T15:12:52.115+01:00  INFO 30584 --- [           main] .s.d.r.c.RepositoryConfigurationDelegate : Finished Spring Data repository scanning in 83 ms. Found 6 JPA repository interfaces.
2025-07-06T15:12:53.407+01:00  INFO 30584 --- [           main] o.hibernate.jpa.internal.util.LogHelper  : HHH000204: Processing PersistenceUnitInfo [name: default]
2025-07-06T15:12:53.527+01:00  INFO 30584 --- [           main] org.hibernate.Version                    : HHH000412: Hibernate ORM core version 6.2.13.Final
2025-07-06T15:12:53.531+01:00  INFO 30584 --- [           main] org.hibernate.cfg.Environment            : HHH000406: Using bytecode reflection optimizer
2025-07-06T15:12:54.123+01:00  INFO 30584 --- [           main] o.s.o.j.p.SpringPersistenceUnitInfo      : No LoadTimeWeaver setup: ignoring JPA class transformer
2025-07-06T15:12:54.161+01:00  INFO 30584 --- [           main] com.zaxxer.hikari.HikariDataSource       : HikariPool-1 - Starting...
2025-07-06T15:12:54.409+01:00  INFO 30584 --- [           main] com.zaxxer.hikari.pool.HikariPool        : HikariPool-1 - Added connection conn0: url=jdbc:h2:mem:testdb user=SA
2025-07-06T15:12:54.410+01:00  INFO 30584 --- [           main] com.zaxxer.hikari.HikariDataSource       : HikariPool-1 - Start completed.
2025-07-06T15:12:54.443+01:00  WARN 30584 --- [           main] org.hibernate.orm.deprecation            : HHH90000025: H2Dialect does not need to be specified explicitly using 'hibernate.dialect' (remove the property setting and it will be selected by default)
2025-07-06T15:12:55.694+01:00  INFO 30584 --- [           main] o.h.e.t.j.p.i.JtaPlatformInitiator       : HHH000489: No JTA platform available (set 'hibernate.transaction.jta.platform' to enable JTA platform integration)
Hibernate: drop table if exists t_bloc cascade 
Hibernate: drop table if exists t_chambre cascade 
Hibernate: drop table if exists t_chambre_reservations cascade 
Hibernate: drop table if exists t_etudiant cascade 
Hibernate: drop table if exists t_foyer cascade 
Hibernate: drop table if exists t_reservation cascade 
Hibernate: drop table if exists t_reservation_etudiants cascade 
Hibernate: drop table if exists t_universite cascade 
Hibernate: create table t_bloc (capacite_bloc bigint not null, foyer_id_foyer bigint, id_bloc bigint generated by default as identity, nom_bloc varchar(255), primary key (id_bloc))
Hibernate: create table t_chambre (bloc_id_bloc bigint, id_chambre bigint generated by default as identity, numero_chambre bigint unique, typec varchar(255) check (typec in ('SIMPLE','DOUBLE','TRIPLE')), primary key (id_chambre))
Hibernate: create table t_chambre_reservations (chambre_id_chambre bigint not null, reservations_id_reservation varchar(255) not null unique)
Hibernate: create table t_etudiant (date_naissance date, cin bigint not null, id_etudiant bigint generated by default as identity, ecole varchar(255), nom_et varchar(255), prenom_et varchar(255), primary key (id_etudiant))
Hibernate: create table t_foyer (capacite_foyer bigint not null, id_foyer bigint generated by default as identity, nom_foyer varchar(255), primary key (id_foyer))
Hibernate: create table t_reservation (annee_universitaire date, est_valide boolean not null, id_reservation varchar(255) not null, primary key (id_reservation))
Hibernate: create table t_reservation_etudiants (etudiants_id_etudiant bigint not null, reservations_id_reservation varchar(255) not null)
Hibernate: create table t_universite (foyer_id_foyer bigint unique, id_universite bigint generated by default as identity, adresse varchar(255), nom_universite varchar(255), primary key (id_universite))
Hibernate: alter table if exists t_bloc add constraint FKjjwhlcwla3ys5yp36m0aqivdr foreign key (foyer_id_foyer) references t_foyer
Hibernate: alter table if exists t_chambre add constraint FKhccfibngldb9t3wa06xg1qhfk foreign key (bloc_id_bloc) references t_bloc
Hibernate: alter table if exists t_chambre_reservations add constraint FKcmffjxrqi7cnh819m0fddx65h foreign key (reservations_id_reservation) references t_reservation
Hibernate: alter table if exists t_chambre_reservations add constraint FKfxbc8lgdbrm52ol9slhm11qy8 foreign key (chambre_id_chambre) references t_chambre
Hibernate: alter table if exists t_reservation_etudiants add constraint FKsa01fwp72jakxi8b9soapl32w foreign key (etudiants_id_etudiant) references t_etudiant
Hibernate: alter table if exists t_reservation_etudiants add constraint FKko0c1l3ctx308jlueriyg90yc foreign key (reservations_id_reservation) references t_reservation
Hibernate: alter table if exists t_universite add constraint FKl8ocoh5hm4gvsp0sqbk4dw4gp foreign key (foyer_id_foyer) references t_foyer
2025-07-06T15:12:55.758+01:00  INFO 30584 --- [           main] j.LocalContainerEntityManagerFactoryBean : Initialized JPA EntityManagerFactory for persistence unit 'default'
2025-07-06T15:12:56.858+01:00  INFO 30584 --- [           main] o.s.d.j.r.query.QueryEnhancerFactory     : Hibernate is in classpath; If applicable, HQL parser will be used.
2025-07-06T15:12:59.480+01:00  WARN 30584 --- [           main] JpaBaseConfiguration$JpaWebConfiguration : spring.jpa.open-in-view is enabled by default. Therefore, database queries may be performed during view rendering. Explicitly configure spring.jpa.open-in-view to disable this warning
2025-07-06T15:13:02.424+01:00  INFO 30584 --- [           main] tn.esprit.spring.BlocServiceMockTest     : Started BlocServiceMockTest in 11.975 seconds (process running for 14.522)
2025-07-06T15:13:02.424+01:00 ERROR 30584 --- [   scheduling-1] tn.esprit.spring.Schedular._4SE1Class    : Hello fixedRate 2025-07-06T15:13:02.424296300
2025-07-06T15:13:02.425+01:00  INFO 30584 --- [   scheduling-1] tn.esprit.spring.Schedular._4SE1Class    : Hello fixedDelay 2025-07-06T15:13:02.425273900
]]></system-out>
    <system-err><![CDATA[Jul 06, 2025 3:12:48 PM org.junit.jupiter.engine.discovery.AbstractOrderingVisitor doWithMatchingDescriptor
SEVERE: Failed to order methods for class tn.esprit.spring.BlocServiceMockTest
java.lang.NoSuchMethodException: org.junit.jupiter.api.MethodOrderer.<init>()
	at java.base/java.lang.Class.getConstructor0(Class.java:3585)
	at java.base/java.lang.Class.getDeclaredConstructor(Class.java:2754)
	at org.junit.platform.commons.util.ReflectionUtils.newInstance(ReflectionUtils.java:527)
	at org.junit.jupiter.engine.discovery.MethodOrderingVisitor.lambda$orderContainedMethods$2(MethodOrderingVisitor.java:53)
	at java.base/java.util.Optional.map(Optional.java:260)
	at org.junit.jupiter.engine.discovery.MethodOrderingVisitor.orderContainedMethods(MethodOrderingVisitor.java:53)
	at org.junit.jupiter.engine.discovery.MethodOrderingVisitor.lambda$visit$0(MethodOrderingVisitor.java:43)
	at org.junit.jupiter.engine.discovery.AbstractOrderingVisitor.doWithMatchingDescriptor(AbstractOrderingVisitor.java:51)
	at org.junit.jupiter.engine.discovery.MethodOrderingVisitor.visit(MethodOrderingVisitor.java:42)
	at org.junit.platform.engine.TestDescriptor.accept(TestDescriptor.java:249)
	at org.junit.platform.engine.TestDescriptor.lambda$accept$0(TestDescriptor.java:251)
	at java.base/java.lang.Iterable.forEach(Iterable.java:75)
	at org.junit.platform.engine.TestDescriptor.accept(TestDescriptor.java:251)
	at java.base/java.util.ArrayList.forEach(ArrayList.java:1511)
	at org.junit.platform.engine.support.discovery.EngineDiscoveryRequestResolution.run(EngineDiscoveryRequestResolution.java:85)
	at org.junit.platform.engine.support.discovery.EngineDiscoveryRequestResolver.resolve(EngineDiscoveryRequestResolver.java:113)
	at org.junit.jupiter.engine.discovery.DiscoverySelectorResolver.resolveSelectors(DiscoverySelectorResolver.java:46)
	at org.junit.jupiter.engine.JupiterTestEngine.discover(JupiterTestEngine.java:69)
	at org.junit.platform.launcher.core.EngineDiscoveryOrchestrator.discoverEngineRoot(EngineDiscoveryOrchestrator.java:152)
	at org.junit.platform.launcher.core.EngineDiscoveryOrchestrator.discoverSafely(EngineDiscoveryOrchestrator.java:132)
	at org.junit.platform.launcher.core.EngineDiscoveryOrchestrator.discover(EngineDiscoveryOrchestrator.java:107)
	at org.junit.platform.launcher.core.EngineDiscoveryOrchestrator.discover(EngineDiscoveryOrchestrator.java:78)
	at org.junit.platform.launcher.core.DefaultLauncher.discover(DefaultLauncher.java:110)
	at org.junit.platform.launcher.core.DefaultLauncher.discover(DefaultLauncher.java:78)
	at org.junit.platform.launcher.core.DefaultLauncherSession$DelegatingLauncher.discover(DefaultLauncherSession.java:81)
	at org.apache.maven.surefire.junitplatform.LazyLauncher.discover(LazyLauncher.java:44)
	at org.apache.maven.surefire.junitplatform.TestPlanScannerFilter.accept(TestPlanScannerFilter.java:52)
	at org.apache.maven.surefire.api.util.DefaultScanResult.applyFilter(DefaultScanResult.java:87)
	at org.apache.maven.surefire.junitplatform.JUnitPlatformProvider.scanClasspath(JUnitPlatformProvider.java:142)
	at org.apache.maven.surefire.junitplatform.JUnitPlatformProvider.invoke(JUnitPlatformProvider.java:122)
	at org.apache.maven.surefire.booter.ForkedBooter.runSuitesInProcess(ForkedBooter.java:385)
	at org.apache.maven.surefire.booter.ForkedBooter.execute(ForkedBooter.java:162)
	at org.apache.maven.surefire.booter.ForkedBooter.run(ForkedBooter.java:507)
	at org.apache.maven.surefire.booter.ForkedBooter.main(ForkedBooter.java:495)

Jul 06, 2025 3:12:49 PM org.junit.jupiter.engine.discovery.AbstractOrderingVisitor doWithMatchingDescriptor
SEVERE: Failed to order methods for class tn.esprit.spring.BlocServiceMockTest
java.lang.NoSuchMethodException: org.junit.jupiter.api.MethodOrderer.<init>()
	at java.base/java.lang.Class.getConstructor0(Class.java:3585)
	at java.base/java.lang.Class.getDeclaredConstructor(Class.java:2754)
	at org.junit.platform.commons.util.ReflectionUtils.newInstance(ReflectionUtils.java:527)
	at org.junit.jupiter.engine.discovery.MethodOrderingVisitor.lambda$orderContainedMethods$2(MethodOrderingVisitor.java:53)
	at java.base/java.util.Optional.map(Optional.java:260)
	at org.junit.jupiter.engine.discovery.MethodOrderingVisitor.orderContainedMethods(MethodOrderingVisitor.java:53)
	at org.junit.jupiter.engine.discovery.MethodOrderingVisitor.lambda$visit$0(MethodOrderingVisitor.java:43)
	at org.junit.jupiter.engine.discovery.AbstractOrderingVisitor.doWithMatchingDescriptor(AbstractOrderingVisitor.java:51)
	at org.junit.jupiter.engine.discovery.MethodOrderingVisitor.visit(MethodOrderingVisitor.java:42)
	at org.junit.platform.engine.TestDescriptor.accept(TestDescriptor.java:249)
	at org.junit.platform.engine.TestDescriptor.lambda$accept$0(TestDescriptor.java:251)
	at java.base/java.lang.Iterable.forEach(Iterable.java:75)
	at org.junit.platform.engine.TestDescriptor.accept(TestDescriptor.java:251)
	at java.base/java.util.ArrayList.forEach(ArrayList.java:1511)
	at org.junit.platform.engine.support.discovery.EngineDiscoveryRequestResolution.run(EngineDiscoveryRequestResolution.java:85)
	at org.junit.platform.engine.support.discovery.EngineDiscoveryRequestResolver.resolve(EngineDiscoveryRequestResolver.java:113)
	at org.junit.jupiter.engine.discovery.DiscoverySelectorResolver.resolveSelectors(DiscoverySelectorResolver.java:46)
	at org.junit.jupiter.engine.JupiterTestEngine.discover(JupiterTestEngine.java:69)
	at org.junit.platform.launcher.core.EngineDiscoveryOrchestrator.discoverEngineRoot(EngineDiscoveryOrchestrator.java:152)
	at org.junit.platform.launcher.core.EngineDiscoveryOrchestrator.discoverSafely(EngineDiscoveryOrchestrator.java:132)
	at org.junit.platform.launcher.core.EngineDiscoveryOrchestrator.discover(EngineDiscoveryOrchestrator.java:107)
	at org.junit.platform.launcher.core.EngineDiscoveryOrchestrator.discover(EngineDiscoveryOrchestrator.java:78)
	at org.junit.platform.launcher.core.DefaultLauncher.discover(DefaultLauncher.java:110)
	at org.junit.platform.launcher.core.DefaultLauncher.execute(DefaultLauncher.java:86)
	at org.junit.platform.launcher.core.DefaultLauncherSession$DelegatingLauncher.execute(DefaultLauncherSession.java:86)
	at org.apache.maven.surefire.junitplatform.LazyLauncher.execute(LazyLauncher.java:50)
	at org.apache.maven.surefire.junitplatform.JUnitPlatformProvider.execute(JUnitPlatformProvider.java:184)
	at org.apache.maven.surefire.junitplatform.JUnitPlatformProvider.invokeAllTests(JUnitPlatformProvider.java:148)
	at org.apache.maven.surefire.junitplatform.JUnitPlatformProvider.invoke(JUnitPlatformProvider.java:122)
	at org.apache.maven.surefire.booter.ForkedBooter.runSuitesInProcess(ForkedBooter.java:385)
	at org.apache.maven.surefire.booter.ForkedBooter.execute(ForkedBooter.java:162)
	at org.apache.maven.surefire.booter.ForkedBooter.run(ForkedBooter.java:507)
	at org.apache.maven.surefire.booter.ForkedBooter.main(ForkedBooter.java:495)

]]></system-err>
  </testcase>
  <testcase name="test" classname="tn.esprit.spring.BlocServiceMockTest" time="0.003"/>
  <testcase name="test" classname="tn.esprit.spring.BlocServiceMockTest" time="0.005"/>
  <testcase name="test" classname="tn.esprit.spring.BlocServiceMockTest" time="0.007"/>
  <testcase name="test2" classname="tn.esprit.spring.BlocServiceMockTest" time="0.006"/>
  <testcase name="test3" classname="tn.esprit.spring.BlocServiceMockTest" time="0.005"/>
  <testcase name="test4" classname="tn.esprit.spring.BlocServiceMockTest" time="0.006"/>
</testsuite>